-----------------------------------------------------------------------------------------------------------------------------------------------------------
DOC ID (Stable/Temp)                   | FILENAME                            | EXT   | TYPE       | ENB   | SIZE(MB)  | STATUS     | CHUNKS   | REF ID (Old Key)
-----------------------------------------------------------------------------------------------------------------------------------------------------------
d87ab8eec4581477c0fb52f61bd65ecbd2b0bd | KM3.3L501 จำนวนคณะทำงานจัดการความรู้แ   | PNG   | evidence   | KM    | 0.06      | Ingested   | 7        | 3
8c27ae78b7dbdc2b6c94f63a33463e1fed5bc2 | KM1.1L101 นโยบาย ในระบบ KM-Si       | JPG   | evidence   | KM    | 0.29      | Ingested   | 23       | km1
966ca27e43e51fa4ec0e21afd8055bc7bb8eb2 | KM1.1L102 แผนแม่บท ในระบบ KM-Si     | JPG   | evidence   | KM    | 0.19      | Ingested   | 39       | km1
388721f1b027ed34a67c75991cad3f2159a60f | KM1.1L103 แผนแม่บท ปรับปรุงครั้งท   | PDF   | evidence   | KM    | 8.51      | Ingested   | 276      | km11l103-4
cff957dec65514874e6ec4ede22ddfd86b1b0c | KM1.1L104 แผนแม่บท ปรับปรุงครั้งท   | PDF   | evidence   | KM    | 8.51      | Ingested   | 212      | km1
aee8d8e7c9846e153f13c8dbc01808d401becc | KM1.1L105 นโยบาย KM 2567            | PDF   | evidence   | KM    | 0.91      | Ingested   | 5        | km1
629f905b2a845d0634da7bf728ebaf2b7899ce | KM1.1L106 มติบอร์ด ทบทวนแผนครั้งท   | PDF   | evidence   | KM    | 0.09      | Ingested   | 12       | km1
10bd80040a239518988fb3f57788f8172601dc | KM1.1L201 ตัวอย่าง Skill Matrix     | JPG   | evidence   | KM    | 0.17      | Ingested   | 8        | km1
055400e67a784d14f303214667f1cc1290ba32 | KM1.1L202 ประเมิน Skill Matrix      | PNG   | evidence   | KM    | 0.09      | Ingested   | 4        | km1
fe0270c33357362b709e1e0ab06c594343c983 | KM1.1L203 ตัวอย่างคำสั่งแต่งตั้งร   | PDF   | evidence   | KM    | 0.48      | Ingested   | 9        | km1
30245bf7215ff3357c021b04832389170cddd8 | KM1.1L204 อนุมัติหลักการแต่งตั้งค   | PDF   | evidence   | KM    | 0.18      | Ingested   | 43       | km11l204-1992-2566
636d8e620c148e7551d9716abae960f584a33f | KM1.1L205 ตัวอย่างคำสั่งแต่งตั้ง    | PDF   | evidence   | KM    | 5.60      | Ingested   | 160      | km1
863445e31b9d8a180b0f478a09f8bc2aef2bab | KM1.1L206 ตัวอย่างคำสั่งแต่งตั้ง    | PDF   | evidence   | KM    | 1.07      | Ingested   | 23       | km1
e69c1f522dc9157fd22a09d29f77509a4cc156 | KM1.1L207 กพค.(จค) 2073 ทบทวนคณะก   | PDF   | evidence   | KM    | 0.16      | Ingested   | 2        | km11l207
5b2003716528a68d5f534cb66e62d6aa2846b8 | KM1.1L208 PEA KM Model.pdf (2)      | PDF   | evidence   | KM    | 8.04      | Ingested   | 3        | km11l208-pea-km-mode
e585fbc01fa5c7c1dfd74b3ba160b5b4733a2e | KM1.1L209 PEA KM Model.pdf (1)      | PDF   | evidence   | KM    | 8.04      | Ingested   | 3        | km11l209-pea-km-mode
f9187020928505940841e7dcb1cb1778d20266 | KM1.1L210 PEA KM Model              | PDF   | evidence   | KM    | 8.04      | Ingested   | 3        | km1
e7f6cf54927891fa1f3b91d67b0169ee3967c9 | KM1.1L211 อนุมัติหลักการแต่งตั้งค   | PDF   | evidence   | KM    | 0.18      | Ingested   | 43       | km11l211
6d201baa125825b440f13b7e7388918906fa58 | KM1.1L305 การรับรู้และเข้าใจ ผู้บ   | PDF   | evidence   | KM    | 0.02      | Ingested   | 2        | km1
690d8ef6a9dc3ec8ffc09782e7ae024dd5998e | KM1.1L306 นโยบาย KM 2567            | PDF   | evidence   | KM    | 0.91      | Ingested   | 5        | km1
5cf7336e1b16c38a65cae8e16fc6d024921c06 | KM1.1L307 Skill Matrix              | PDF   | evidence   | KM    | 1.04      | Ingested   | 6        | km1
e1403b46dc835dbf93654555a1476228c13275 | KM1.1L308 คำจำกัดความและเกณฑ์ Ena   | PDF   | evidence   | KM    | 0.16      | Ingested   | 19       | km11l308-enablers-25
e23026cf75137dc054ac15bb8773c650e11f9c | KM1.1L309 ผลการประเมินผู้บริหาร     | PDF   | evidence   | KM    | 0.06      | Ingested   | 4        | km1
595004b5fb0ccce0cee305dfa3b0340df6b9de | KM1.1L401 Mapping แผนแม่บท          | XLSX  | evidence   | KM    | 1.65      | Ingested   | 40       | km1
43a93db1a298dab9a16e8070efe783698ca405 | KM1.1L402 แผนใหม่                   | PDF   | evidence   | KM    | 0.62      | Ingested   | 18       | km1
32f502760323f785c11080fba7f9a5d53a6391 | KM1.1L501 Learning Form ทำแผนฯ      | PDF   | evidence   | KM    | 0.57      | Ingested   | 28       | km1
b24845293b03303fca1d1a738b095ec7240790 | KM1.1L502 Learning Form กระบวนการ   | PDF   | evidence   | KM    | 0.34      | Ingested   | 29       | km1
76eae1e20bf9e98f655f4b0792359e6b50838d | KM1.1L503 KM-WI-01 คู่มือการปฏิบั   | PDF   | evidence   | KM    | 2.83      | Ingested   | 39       | km11l503-km-wi-01
198e350a509260bd16c6f467bdddcbebfdb8ee | KM1.1L504 กิจกรรมสื่อสารแผนฯ        | PDF   | evidence   | KM    | 0.71      | Ingested   | 1        | km1
70edd9afb50760eae9b49833fc8e3ff0314c4d | KM1.1L505 Sipoc กระบวนการจัดทำแผน   | PDF   | evidence   | KM    | 1.45      | Ingested   | 4        | km1
117ab40d0644008b32b8c22e90557887e8182b | KM1.2L10 KM1.2L103 ตัวอย่าง Skill   | JPG   | evidence   | KM    | 0.17      | Ingested   | 8        | km12l10-km1
d3e60b1f51da6f0f15d00774cfe3ccf53b04e1 | KM1.2L101 อนุมัติหลักการแต่งตั้งค   | PDF   | evidence   | KM    | 0.18      | Ingested   | 43       | km12l101
76178b6e820faa1ed1aa69e6d65f62d9753fc5 | KM1.2L102 เกณฑ์และพฤติกรรมที่คาดห   | PDF   | evidence   | KM    | 1.04      | Ingested   | 6        | km1
36c15afbaca65f2ca5160a747ad4a234a9eb4f | KM1.2L103 กพค.(จค) 370 จัดทำ Skil   | PDF   | evidence   | KM    | 0.25      | Ingested   | 3        | km12l103
5fbaa9f9ff8e240006a04083199e0b1e3f1b2f | KM1.2L201 เกณฑ์และพฤติกรรมที่คาดห   | PDF   | evidence   | KM    | 1.04      | Ingested   | 6        | km1
ffaa7e8b407050404d7517b054f474304e9cb4 | KM1.2L202 นโยบาย KM 2567            | PDF   | evidence   | KM    | 0.91      | Ingested   | 5        | km1
3d25bded13ec24842ec4932ef874e43c9d7afe | KM1.2L203 กพค.(จค) 370 จัดทำ Skil   | PDF   | evidence   | KM    | 0.25      | Ingested   | 3        | km12l203
ee84820aa08152e60c2adcaebfa0b699b6f4ed | KM1.2L204 ประเมิน Skill Matrix      | PNG   | evidence   | KM    | 0.09      | Ingested   | 4        | km1
e5fcb5eada439afb3f8e5cf9f068415468110b | KM1.2L301 แผนแม่บท ปรับปรุงครั้งท   | PDF   | evidence   | KM    | 4.71      | Ingested   | 160      | km1
8df92732c818136a0b9fbb2a1c82f53634e106 | KM1.2L302 ตัวอย่างจัดกิจกรรม ของท   | PDF   | evidence   | KM    | 2.61      | Ingested   | 4        | km1
c40750b56e580952b9a4004da20a4a9931d272 | KM1.2L303 แผนแม่บท ปรับปรุงครั้งท   | PDF   | evidence   | KM    | 3.21      | Ingested   | 104      | km1
0cf1117da362aab768ef1cc2c8a1121e7b25f3 | KM1.2L304 แผนแม่บท ในระบบ KM-Si     | JPG   | evidence   | KM    | 0.19      | Ingested   | 39       | km1
ee94bbfd59eca47d7dabcbf1ddefc48caf81c7 | KM1.2L305 LINE_ALBUM_งาน peacon20   | JPG   | evidence   | KM    | 0.39      | Ingested   | 35       | km1
0053696b52dc755673a252cbd1eeb53235a622 | KM1.2L401 ตัวอย่าง K Landscape สต   | PDF   | evidence   | KM    | 0.17      | Ingested   | 27       | km12l401-k-landscape
b40b58b6d702ee5fb513de821a44c3c799e9f2 | KM1.2L402 ตัวอย่าง K Landscape สา   | PDF   | evidence   | KM    | 0.28      | Ingested   | 24       | km1
f632c5c11e63286f4f5c54ea714de37c908f5a | KM1.2L403 ผลประเมินผู้บริหาร        | PDF   | evidence   | KM    | 0.08      | Ingested   | 7        | km1
5ba0caa40be2fd7a686787ae81654457ba5abf | KM1.2L404 ตัวอย่างจัดกิจกรรม ของท   | PDF   | evidence   | KM    | 2.61      | Ingested   | 4        | km1
284d7311ffc3803e6a33412bd84be834a74bb5 | KM1.2L501 Skill Matrix              | PDF   | evidence   | KM    | 1.04      | Ingested   | 6        | km1
3683426fb72363ef874a181601cf5f92f46551 | KM1.2L502 ผลประเมินผู้บริหาร นำมา   | PDF   | evidence   | KM    | 0.18      | Ingested   | 10       | km1
643274951cff140b330a440a0eb1f0558eda4f | KM1.2L506 ดูงาน egat 2              | PNG   | evidence   | KM    | 0.95      | Ingested   | 30       | km1
db625960ac5550486487fc80bbee9225e479cf | KM1.2L507 ดูงาน egat                | PNG   | evidence   | KM    | 0.82      | Ingested   | 37       | km1
f7d9e24406429f31cf806da1e26ff5b513aabb | KM1.2L508 ดูงาน ptt (1)             | JPG   | evidence   | KM    | 0.18      | Ingested   | 16       | km1
6edc421dd37df3607dfc1cb04f300f2221895b | KM1.2L509 ดูงาน ptt (2)             | JPG   | evidence   | KM    | 0.15      | Ingested   | 20       | km1
b3ec68f96f5ad9f8fa6cd50dbde23c1e131250 | KM1.2L510 ดูงาน ptt (3)             | JPG   | evidence   | KM    | 0.15      | Ingested   | 18       | km1
79604eb53a75039ff9162274819163ce8df567 | KM2.1L101 Sipoc ทำแผน               | PDF   | evidence   | KM    | 1.02      | Ingested   | 5        | km2
19eedf427e857c3403b79af9c3cd57a1d86269 | KM2.1L102 รายงานการประชุม คณะ Cor   | PDF   | evidence   | KM    | 0.22      | Ingested   | 3        | km2
7788c1944b29f1c58aedfcd4929128a924eca8 | KM2.1L103 ภาพประชุม                 | PDF   | evidence   | KM    | 0.53      | Ingested   | 4        | km2
2545094c422596e27c5421a6c7fb225ae44e85 | KM2.1L104 ตัวอย่างรายงานผลการดำเน   | PDF   | evidence   | KM    | 0.16      | Ingested   | 28       | km2
f5d5d30fb6a12722ef5046acd4756551aea946 | KM2.1L201 แผนยุทธศาสตร์             | PDF   | evidence   | KM    | 2.18      | Ingested   | 80       | km2
83f62354d417273712a21b613263a917926504 | KM2.1L202 แผนแม่บท ปรับปรุงครั้งท   | PDF   | evidence   | KM    | 3.21      | Ingested   | 104      | km2
2f893246dbca6417fbe2f7945afb487611db01 | KM2.1L203 แผนแม่บท ปรับปรุงครั้งท   | PDF   | evidence   | KM    | 8.51      | Ingested   | 166      | km21l203-4
585ce34863eeb98dbde3a17dddda81057ede45 | KM2.1L204 Sipoc ทำแผน               | PDF   | evidence   | KM    | 1.02      | Ingested   | 5        | km2
def7c8e4e97a90a206551b8c5e934c9c0a8c49 | KM2.1L301 ผลประเมิน                 | PDF   | evidence   | KM    | 0.03      | Ingested   | 1        | km2
aad1b438f820d1a0bdb6c685062ce8ef9d02d8 | KM2.1L302 การวางแผนการดำเนินงาน K   | PDF   | evidence   | KM    | 0.06      | Ingested   | 2        | km2
843c5861090a45cdd24ed2a52ee4b7f302710f | KM2.1L303 แผนแม่บท ในระบบ KM-Si     | JPG   | evidence   | KM    | 0.19      | Ingested   | 39       | km2
c05395f1d693139f601e83bf11a9fc8f6bfce6 | KM2.1L304 ตัวอย่างจัดกิจกรรม ของท   | PDF   | evidence   | KM    | 2.61      | Ingested   | 4        | km2
85578f958baaed8a78e88ff80ac61aa5125152 | KM2.1L401 Sipoc ทำแผน               | PDF   | evidence   | KM    | 1.02      | Ingested   | 5        | km2
98ac17d31e9cb96ead8228c07cff5e87d24458 | KM2.1L402 กพค.(จค) 1866             | PDF   | evidence   | KM    | 0.15      | Ingested   | 25       | km21l402
6cf800c5e896c0e1e44d3654ba21f79b75c9f4 | KM2.1L403 มติประชุม ไตรมาส 3        | PDF   | evidence   | KM    | 0.14      | Ingested   | 1        | km2
3b33eaef12d078d6e62f8608b4d4f09a248ae0 | KM2.1L404 การวางแผนการดำเนินงาน K   | PDF   | evidence   | KM    | 0.06      | Ingested   | 2        | km2
7cf3b111accde8221baa05f96a21885609a7f4 | KM2.1L405 PEA KM Master Plan_สำหร   | PDF   | evidence   | KM    | 4.10      | Ingested   | 86       | km21l405-pea-km-mast
970b0e797ca0355db3b4775d3cf5949ab2615c | KM2.1L406 ติดตามผลผ่านระบบ km-sur   | PNG   | evidence   | KM    | 0.17      | Ingested   | 6        | km2
13ed891215adf49d8f2367e91c1a8197cd1f07 | KM2.1L407 ติดตามผลผ่านระบบ km-sur   | PNG   | evidence   | KM    | 0.17      | Ingested   | 6        | km21l407-km-survey
ce52417e3ea9faf09e76ead0c48765b65c89a0 | KM2.1L501 Learning Form ทำแผนฯ      | PDF   | evidence   | KM    | 0.57      | Ingested   | 28       | km2
a8a9903c8311bfe3b3d43c554ab2f57d5505d4 | KM2.1L502 PEA KM Master Plan_สำหร   | PDF   | evidence   | KM    | 1.42      | Ingested   | 64       | km21l502-pea-km-mast
4025df5659f42f7da30c5ea288dc6fb197a044 | KM2.1L503 Sipoc หลังปรับ            | PDF   | evidence   | KM    | 1.45      | Ingested   | 4        | km2
2ba9f03e8a108be8acf191b5f9b5d61969638d | KM2.2L101 เกณฑ์การจัดสรรร           | PDF   | evidence   | KM    | 0.12      | Ingested   | 4        | km2
e788f2924ce5bbc28f0f4a501813fa2a17636d | KM2.2L102 ขอบเขตงาน                 | PDF   | evidence   | KM    | 0.05      | Ingested   | 1        | km2
67f05ea16b12757f4db9c8274d8c4fb9310eba | KM2.2L103 ใบสั่งจ้าง                | PDF   | evidence   | KM    | 5.24      | Ingested   | 75       | km2
484c54c884073b48f093826787564a29e8b4df | KM2.2L104 อนุมัติหลักการ KM Imple   | PDF   | evidence   | KM    | 1.00      | Ingested   | 5        | km2
7ccbb90d6b438b7e3a2729caf83fe6994e1f1e | KM2.2L105 อนุมัติ Implementation    | PDF   | evidence   | KM    | 4.51      | Ingested   | 81       | km2
c1c23c1c0d01be945a00146988c4ecb020b2ce | KM2.2L201 เกณฑ์การจัดสรรร           | PDF   | evidence   | KM    | 0.12      | Ingested   | 4        | km2
ced62e353c803cc9d2f515a5f971c581e286a3 | KM2.2L202 ตัวอย่างการดำเนินการจัด   | PDF   | evidence   | KM    | 0.45      | Ingested   | 8        | km2
11e4bb16a8f89173318603751a651abdb703cf | KM2.2L203 ตัวอย่างการดำเนินการจัด   | PDF   | evidence   | KM    | 1.00      | Ingested   | 11       | km2
987f244c50597d510968cbb533b513973e819e | KM2.2L204 ตัวอย่างการดำเนินการจัด   | PDF   | evidence   | KM    | 1.23      | Ingested   | 49       | km2
81afc8131995d12719b842f3f8ac2b81eef6e5 | KM2.2L301 แผนแม่บท ปรับปรุงครั้งท   | PDF   | evidence   | KM    | 3.21      | Ingested   | 104      | km2
f927074007d566872e0f135d7e59c750555ba9 | KM2.2L302 งบประมาณในแผนแม่บท        | PDF   | evidence   | KM    | 1.08      | Ingested   | 68       | km2
a8536a98a15fb36a4389f138348ceb0d8b108b | KM2.2L303 ตัวอย่างการดำเนินการจัด   | PDF   | evidence   | KM    | 0.45      | Ingested   | 8        | km2
7d6e6251790e8810333f8a9f6f5d1817616093 | KM2.2L304 แจ้งการจัดสรรงบ           | PDF   | evidence   | KM    | 0.24      | Ingested   | 3        | km2
af5b006a5fec5d81d8f6810fa7149c613c1bff | KM2.2L305 ตัวอย่างหนังสือให้ดำเนิ   | PDF   | evidence   | KM    | 0.16      | Ingested   | 2        | km2
d67a36f814c27f4cd772fdb8dc4ecdc60856a7 | KM2.2L306 การวางแผนการดำเนินงาน K   | PDF   | evidence   | KM    | 0.06      | Ingested   | 2        | km2
134f8c92c52d8692915d42be9aa910564128e1 | KM2.2L401 process การดำเนินงาน 10   | PDF   | evidence   | KM    | 0.04      | Ingested   | 1        | km2
d96df3c0476146b3a85224829131d13b451636 | KM2.2L402 ผลการดำเนนิงาน รายงานบอ   | PDF   | evidence   | KM    | 0.06      | Ingested   | 3        | km2
cd9e85b2442d0897bdc4660a252abd6c09e54d | KM2.2L403 km-survey 3               | JPG   | evidence   | KM    | 0.07      | Ingested   | 11       | km2
fe020ab27ad40467d32f1fd8f926759ab7786c | KM2.2L404 km-survey 2               | JPG   | evidence   | KM    | 0.09      | Ingested   | 4        | km2
828a421d0f2a357c09ef9e67d1d4f3d878cfbc | KM2.2L405 km-survey                 | JPG   | evidence   | KM    | 0.11      | Ingested   | 3        | km2
61968789e07ae00aa64f863be637799314e91b | KM2.2L406 ตัวอย่างผลการดำเนินงาน    | PDF   | evidence   | KM    | 1.79      | Ingested   | 1        | km22l406
dc21ede9afdb07fb6c778f6c99e5ac7860a474 | KM2.2L501 ให้ประเมินผลการดำเนินงา   | PDF   | evidence   | KM    | 0.16      | Ingested   | 2        | km2
70ab6fd377405161a714d8a25b1c89efdc0513 | KM2.2L502 ขอ user canva             | PDF   | evidence   | KM    | 0.24      | Ingested   | 9        | km2
01b48cf5a07184c15b550974950f38cad152b9 | KM2.2L503 ขอ user canva 2           | PDF   | evidence   | KM    | 0.21      | Ingested   | 9        | km2
a4a5eec16049c8efc99c02a480c2d967e33d95 | KM2.2L504 ความพึงพอใจ จัดสรรงบ IT   | PDF   | evidence   | KM    | 0.04      | Ingested   | 2        | km2
6235c81dbd1d449a2521b39c5970f191e5459d | KM3.1L101 3.1-1 แผนการสื่อสารด้าน   | PDF   | evidence   | KM    | 0.23      | Ingested   | 3        | km31l101-3
5a4574a04d194b098f6675965a295c44a800ba | KM3.1L102 3.1-1 รูปภาพกิจกรรม Onb   | PDF   | evidence   | KM    | 0.97      | Ingested   | 1        | km31l102-31-1-onboar
ac5d4ba45691c9831944c899831dde5a52d727 | KM3.1L103 3.1-1 รูปภาพการเสวนาในห   | PDF   | evidence   | KM    | 1.04      | Ingested   | 1        | km31l103-3
90c5487cf0996e93d8319a0c8b025f88a6e3ae | KM3.1L104 3.1-1 นโยบายการจัดการคว   | PDF   | evidence   | KM    | 2.31      | Ingested   | 6        | km31l104-3
cf0db6ef18ee3bf129bad5f9f15547412bbf41 | KM3.1L201 รายงานการจัดฝึกอบรม ด้า   | PDF   | evidence   | KM    | 0.13      | Ingested   | 19       | km3
58a1404f3beae31c748cbb53c35f3864715876 | KM3.1L202 แผนพัฒนารายบุคคล (IDP)    | PDF   | evidence   | KM    | 0.22      | Ingested   | 1        | km3
5dcb11484138f121c909056e07e5ca0c211707 | KM3.1L203 3.1-2 ระบบประเมินผลการป   | PDF   | evidence   | KM    | 0.59      | Ingested   | 1        | km31l203-3
d1572c281a8448688d33395a055ad4656eaf59 | KM3.1L204 3.1-2 แผนฝึกอบรมด้านการ   | PDF   | evidence   | KM    | 1.29      | Ingested   | 73       | km31l204-3
5a3f78c4294bb92db0bc13177f600dbac85e3b | KM3.1L205 แผนที่การจัดกิจกรรมการจ   | PDF   | evidence   | KM    | 2.64      | Ingested   | 15       | km3
8b89b9e0b6d56056ae31cbbc75404fc8f9c93e | KM3.1L301 แผนที่การจัดกิจกรรมการจ   | PDF   | evidence   | KM    | 2.64      | Ingested   | 15       | km3
b5e574240052407fa636b0e92f944650d0356d | KM3.1L302 ภาพงานประชุมวิชาการและน   | PDF   | evidence   | KM    | 4.23      | Ingested   | 1        | km31l302
f317680bd15cfcda4e60e849629a68e5893327 | KM3.1L303 อนุมัติการจัดสรรงบประมา   | PDF   | evidence   | KM    | 4.51      | Ingested   | 81       | km3
9e8fc9a3fe43017155756425989ba8874174de | KM3.1L304 ภาพการจัดงาน Innovation   | PDF   | evidence   | KM    | 2.28      | Ingested   | 1        | km3
9cd50ed87d691b6675a3a5267cc3947f3827a6 | KM3.1L305 รูปการจัดกิจกรรม KM Tra   | PDF   | evidence   | KM    | 2.10      | Ingested   | 1        | km3
b378e8f5a95b0daad6bc7612e89ff858a7540a | KM3.1L306 การจัดกิจกรรม PEANE3 KM   | PDF   | evidence   | KM    | 1.98      | Ingested   | 26       | km31l306-peane3-km-s
e9f5ea099b09b3b07ee71065ff44a4cb4ec2f2 | KM3.1L307 การจัดกิจกรรม KM Day ขอ   | PDF   | evidence   | KM    | 1.82      | Ingested   | 46       | km31l307-km-day
122a38f9347a013d6a8c917ad665da10016a1c | KM3.1L308 PEA C2 KM Sharing Day 2   | PDF   | evidence   | KM    | 1.13      | Ingested   | 53       | km31l308-pea-c2-km-s
94cc83891c368010dbc1aad704545fd9f3b6ab | KM3.1L309 ระบบรายงานผลการดำเนินงา   | PDF   | evidence   | KM    | 0.26      | Ingested   | 1        | km3
923f6a7cb8f23bfaeea9a79761e53f6f7e87fa | KM3.1L401 กิจกรรมการจัดการความรู้   | PDF   | evidence   | KM    | 2.64      | Ingested   | 15       | km3
d884f143374b1a7176f019f9446321d5852f5d | KM3.1L402 3.1-4การยกย่องชมเชยต่อส   | PDF   | evidence   | KM    | 1.77      | Ingested   | 1        | km31l402-3
bc69d9204b52ffe9af1092b417605944c37e7d | KM3.1L403 3.1-4 การมอบรางวัล ในกา   | PDF   | evidence   | KM    | 0.84      | Ingested   | 1        | km31l403-31-4-2567
89349f53c94a5889f5a56e8def70976464d4b8 | KM3.1L404 3.1-4 การยกย่องชมเชยต่อ   | PDF   | evidence   | KM    | 0.39      | Ingested   | 1        | km31l404-3
3963cc282f6fd64a9985e63717eb30219fb6b3 | KM3.1L405 3.1-4การมอบรางวัลการจัด   | PDF   | evidence   | KM    | 10.26     | Ingested   | 1        | km31l405-3
993272f44789fe4de20391f18aaa681eadbce2 | KM3.1L406 3.1-4 การยกย่องชมเชยต่อ   | PDF   | evidence   | KM    | 3.79      | Ingested   | 1        | km31l406-3
32454f960049deea7fddec9d428f55103c1ee1 | KM3.1L501 3.1-5 ผลประเมินความความ   | PNG   | evidence   | KM    | 0.17      | Ingested   | 18       | km31l501-31-5
18f4b749d9ec536c9bde4324899ffa544c0f04 | KM3.1L502 3.1-5 Line Openchat ในช   | PDF   | evidence   | KM    | 0.60      | Ingested   | 1        | km31l502-3
3313f45041eaff99827ec43e36b3fdffd9919a | KM3.1L503 ตัวอย่างการปรับเปลี่ยนว   | PDF   | evidence   | KM    | 1.11      | Ingested   | 1        | km3
e03a2d189a84fb0e80ee6912500e547708bf22 | KM3.1L504 หลักสูตร Organizational   | PDF   | evidence   | KM    | 1.44      | Ingested   | 1        | km3
743eb63bc6109d9478c0d2658229e088a6e956 | KM3.1L505 3.1-5 ตัวอย่างการมอบราง   | PDF   | evidence   | KM    | 0.53      | Ingested   | 1        | km31l505-3
dfdb334a9a3872458eb1f43a960735d6f21f04 | KM3.2L101 การปรับปรุงพื้นที่ Cowo   | PDF   | evidence   | KM    | 2.16      | Ingested   | 1        | km3
f5aec7f5b061f65fcd672ba7adfb0cda3f7801 | KM3.2L102 รูปการจัดหลักสูตร อบรมเ   | PDF   | evidence   | KM    | 2.64      | Ingested   | 10       | km3
646e62d17ccdcb1e0165c3b67ad6842f81082e | KM3.2L103 ภาพงานประชุมวิชาการและน   | PDF   | evidence   | KM    | 4.23      | Ingested   | 1        | km32l103
0d008e37fb9ff317dab62738d3102bcb0e2707 | KM3.2L104 3.2-1การตอบรับการเข้าร่   | PDF   | evidence   | KM    | 5.95      | Ingested   | 6        | km32l104-32-1
bd2780526bffabbcf9142bd5af317b4cf220cb | KM3.2L105 ชุมชนนักปฏิบัติ (KM PEA   | PDF   | evidence   | KM    | 0.72      | Ingested   | 1        | km3
617cfbffd4810c3e0b2e747f03fab5f3fa1b9a | KM3.2L106 3.2-1 Line Openchat ในช   | PDF   | evidence   | KM    | 0.60      | Ingested   | 1        | km32l106-3
88e8fe81f4d86a0f0de6a755a42b8a638ed784 | KM3.2L107 3.2-1 ผลประเมินความพึงพ   | PNG   | evidence   | KM    | 0.13      | Ingested   | 18       | km32l107-3
d149d9c86f68917321cad800ab712feaee0e7f | KM3.2L201 3.2-2 นโยบายการจัดการคว   | PDF   | evidence   | KM    | 2.31      | Ingested   | 6        | km32l201-3
ae567429c90865090faa76dc7d2efac7ba9ee7 | KM3.2L202 3.2-2 ผลวัฒนธรรมองค์กรแ   | PNG   | evidence   | KM    | 0.16      | Ingested   | 20       | km32l202-32-2
68c0d790925de9ab813eab7e1c7eda44c95201 | KM3.2L203 3.2-2 ร้อยละการแสดงพฤติ   | PDF   | evidence   | KM    | 0.10      | Ingested   | 1        | km32l203-3
edf3fb5a2fd4fa88335b81dd5a65a412dfe663 | KM3.2L301 3.2-3 โครงการพัฒนาบุคลา   | PDF   | evidence   | KM    | 5.01      | Ingested   | 1        | km32l301-32-3
a582b5ab0d5f98d6beaed5e6a71ad032a253fa | KM3.2L302 3.2-3 การจัดงาน PEA Biz   | PDF   | evidence   | KM    | 2.55      | Ingested   | 123      | km32l302-3
1b0b04279e7e62ca13e50ed7772dbfb95b514f | KM3.2L303 3.2-3 รูปภาพโครงการ Sho   | PDF   | evidence   | KM    | 0.96      | Ingested   | 1        | km32l303-3
276d03bb9662448e551ce12b2e33a6f8cfc9ec | KM3.2L304 3.2-3หลักสูตร Critical    | PDF   | evidence   | KM    | 0.91      | Ingested   | 1        | km32l304-3
c631f61080a0fc6fb8e83e9e9d5f26ff48ca65 | KM3.2L305 3.2-3 สรุป Show and Sha   | PDF   | evidence   | KM    | 0.04      | Ingested   | 2        | km32l305-3
2b0d2895b4226cfef7b3927b04fe566d299423 | KM3.2L401 ผลประเมินความพึงพอใจของ   | PDF   | evidence   | KM    | 0.06      | Ingested   | 7        | km3
ba274712928751f6eaba19f235275163218c3d | KM3.2L402 3.2-4 ร้อยละการแสดงพฤติ   | PDF   | evidence   | KM    | 0.10      | Ingested   | 1        | km32l402-3
f4ddf08bd2631b9ebde54e8638a04a7461536d | KM3.2L403 3.2-4หลักสูตร Critical    | PDF   | evidence   | KM    | 0.91      | Ingested   | 1        | km32l403-3
4fb9fe828eea4e0832bde6a6e35ccaff03e072 | KM3.2L405 3.2-4 การศึกษาดูงานกับก   | PDF   | evidence   | KM    | 1.17      | Ingested   | 1        | km32l405-3
f7a66d87b176fff7c21e8f53c43e633a60866a | KM3.2L501 การประเมินทักษะการทำงาน   | PDF   | evidence   | KM    | 1.37      | Ingested   | 1        | km3
d45aaa884da0ed683879a2b4bb9882d2c97143 | KM3.2L502 3.2-5 รูปภาพโครงการ Sho   | PDF   | evidence   | KM    | 0.96      | Ingested   | 1        | km32l502-3
a6d63ffeecbe6242c8e8593271099a3b093cab | KM3.2L503 3.2-5 สรุป Show and Sha   | PDF   | evidence   | KM    | 0.04      | Ingested   | 2        | km32l503-3
7867bd34349b30d6e8bbc22d28e48b0067596f | KM3.2L504 3.2-5 การปรับปรุงพื้นที   | PDF   | evidence   | KM    | 2.16      | Ingested   | 1        | km32l504-3
39a157a0a93fa4f7107e46001b500502cc184b | KM3.3L102 3.3-1 แผนพัฒนารายบุคคล    | PDF   | evidence   | KM    | 0.50      | Ingested   | 1        | km33l102-3
aaef07acf74f570bcc2f4351c6225c11fc6355 | KM3.3L103 การจัดหลักสูตร Knowledg   | PDF   | evidence   | KM    | 8.23      | Ingested   | 1        | km3
66b6e13acf7e78db9a740949e959e45f495033 | KM3.3L201 โครงสร้างคณะกรรมการจัดก   | PDF   | evidence   | KM    | 0.04      | Ingested   | 3        | km3
bf1e9cb2f92cead778a804495db7b5c263bcd8 | KM3.3L202 การตรวจติดตามภายใน ตามก   | PDF   | evidence   | KM    | 0.29      | Ingested   | 13       | km3
14e9a81d48b5d4853f1ed0cd37abfbbec558de | KM3.3L203 แผนการตรวจติดตามภายในปร   | PDF   | evidence   | KM    | 0.27      | Ingested   | 2        | km3
e80bc3aad642c7e5f20b8aa6dca6106a434653 | KM3.3L301 3.3-3 แผนฝึกอบรมด้านการ   | PDF   | evidence   | KM    | 1.29      | Ingested   | 73       | km33l301-3
bc8cd3f5dbee40094ea8bcd505476fe5a98ee4 | KM3.3L302 3.3-3 การศึกษาดูงานกับก   | PDF   | evidence   | KM    | 1.17      | Ingested   | 1        | km33l302-3
7388ca897a629a95758999a4886e3b9418fc9e | KM3.3L303 การศึกษาดูงานร่วมกับ ธ.   | PDF   | evidence   | KM    | 0.92      | Ingested   | 1        | km33l303
7cff39f1e6a9afcb169802f446c63caa35de87 | KM3.3L304 การศึกษาดูงานร่วมกับท่า   | PDF   | evidence   | KM    | 0.80      | Ingested   | 1        | km3
7c471d23d163841c35849cb7d6fa8c964ea055 | KM3.3L305 รายงานการจัดฝึกอบรม ด้า   | PDF   | evidence   | KM    | 0.13      | Ingested   | 19       | km3
95e24e5b8236a4b9204644198912dcb484d66e | KM3.3L306 แนวทางปฏิบัติที่ดีด้านก   | PDF   | evidence   | KM    | 1.60      | Ingested   | 1        | km33l306
55ec1ed622760f978ee39021431a5de13eb274 | KM3.3L401 3.3-4 แผนพัฒนารายบุคคล    | PDF   | evidence   | KM    | 0.50      | Ingested   | 1        | km33l401-3
92e4a02d3a7ac8a2af825339ef807fcb5afb01 | KM3.3L402 3.3-4 แผนฝึกอบรมด้านการ   | PDF   | evidence   | KM    | 1.29      | Ingested   | 73       | km33l402-3
ce082c55e4f977d1cdc6cb60a83b0afee97f7b | KM3.3L403 การประเมินทักษะการทำงาน   | PDF   | evidence   | KM    | 1.37      | Ingested   | 1        | km3
264598aace031f465f5c6a223e2b841c7252f9 | KM3.3L404 การจัดหลักสูตร Knowledg   | PDF   | evidence   | KM    | 8.23      | Ingested   | 1        | km3
cf5ade32a82030fa0792fea4be7bdde4b426a1 | KM3.3L405 3.3-4 แผนแม่บทการจัดการ   | PDF   | evidence   | KM    | 0.35      | Ingested   | 7        | km33l405-33-4-p4
740c6b5b3d3606d189565033f45129a7a50511 | KM3.3L406 ตัวอย่างใบประกาศการผ่าน   | PDF   | evidence   | KM    | 0.36      | Ingested   | 1        | km3
f02a92294fd0f5c6acac49a053821084622804 | KM3.3L501 3.3-5 แผนฝึกอบรมด้านการ   | PDF   | evidence   | KM    | 1.29      | Ingested   | 71       | km33l501-3
31acd271bb33b0bb74806503ba6fff5e861c5d | KM3.3L502 3.3-5เล่มแผนยุทธศาสตร์    | PDF   | evidence   | KM    | 0.91      | Ingested   | 2        | km33l502-33-5
46f317d602bda78d1afed3be297613ae956b2e | KM3.3L503 3.3 -5 หลักสูตร Critica   | PDF   | evidence   | KM    | 0.91      | Ingested   | 1        | km33l503-3
9f394e5f33b779786b21f86a0dbc61a54a1dfb | KM3.3L504 รายงานการจัดฝึกอบรม ISO   | PDF   | evidence   | KM    | 0.10      | Ingested   | 5        | km3
06390cd39899ebbbc6d74491d3f1dedd985765 | KM3.3L505 การจัดหลักสูตร Knowledg   | PDF   | evidence   | KM    | 8.23      | Ingested   | 1        | km3
30afa04b97fa81163ef1dad395be00d722bfa6 | KM4.1L101 KM-WI-01 คู่มือการปฏิบั   | PDF   | evidence   | KM    | 2.83      | Ingested   | 39       | km41l101-km-wi-01
85187b5f9e2bfe1d765a9dbf0466eb269a7afe | KM4.1L102 KM-QM-01_คู่มือระบบการจ   | PDF   | evidence   | KM    | 0.94      | Ingested   | 17       | km4
0f424cc03a7496afdeb131ccadd49f00b7b51e | KM4.1L103 KM-FW-01-07 แบบฟอร์มควา   | PDF   | evidence   | KM    | 0.50      | Ingested   | 3        | km4
4c5317036c2ad81c27a86cbb7ee5b3639e60f3 | KM4.1L104 KM-QP-04 ประชุมทบทวนฝ่า   | PDF   | evidence   | KM    | 0.46      | Ingested   | 7        | km4
d6a8743458fffa0b192e20eff3d1bd2f3874b1 | KM4.1L105 KM-FP-03-01 การวิเคราะห   | PDF   | evidence   | KM    | 0.45      | Ingested   | 15       | km4
5d74a01ccff195f50398522b9ec047929f00cc | KM4.1L106 KM-FP-03-03 การวิเคราะห   | PDF   | evidence   | KM    | 0.45      | Ingested   | 6        | km4
5d61c2166cff94f942ffe9bc93a663e036c05d | KM4.1L107 KM-FW-01-06 แบบฟอร์มควา   | PDF   | evidence   | KM    | 0.40      | Ingested   | 3        | km4
53a0214ee51869e024d95881ff9ec5952a55ef | KM4.1L108 KM-FP-01-01 แผนการตรวจต   | PDF   | evidence   | KM    | 0.39      | Ingested   | 4        | km4
57cff83cb6e7d665083484c0c5f784115d2de9 | KM4.1L109 KM-FP-03-02 การวิเคราะห   | PDF   | evidence   | KM    | 0.37      | Ingested   | 6        | km4
b9f057bdad66ab34782cfd2c31d4035aaa494c | KM4.1L110 KM-FW-01-01 รายการเอกสา   | PDF   | evidence   | KM    | 0.36      | Ingested   | 5        | km4
1272aad6675ff4928d141e0bacf32ccdeb886f | KM4.1L111 KM-QP-02 การปฏิบัติการแ   | PDF   | evidence   | KM    | 0.33      | Ingested   | 8        | km4
234c08fa9b18dc4787cd0cc111b7c66e92d266 | KM4.1L112 KM-QP-01 การตรวจติดตามภ   | PDF   | evidence   | KM    | 0.29      | Ingested   | 13       | km4
9aecb554af7dd19bd4ac3006d282f77c6679b7 | KM4.1L113 KM-QP-05 การควบคุมเอกสา   | PDF   | evidence   | KM    | 0.29      | Ingested   | 19       | km4
733c4281256b8381c4f7d8b3204baadb9fb88f | KM4.1L114 KM-FW-01-05 แบบฟอร์มทบท   | PDF   | evidence   | KM    | 0.27      | Ingested   | 2        | km4
59736ed96063f044723b781e5c88b4e308f646 | KM4.1L115 KM-SD-02 แผน KM Impleme   | PDF   | evidence   | KM    | 0.26      | Ingested   | 5        | km4
9c2b039aeaa520a7e689f7a86959007a9dd6ab | KM4.1L116 KM-FW-01-04 แบบฟอร์ม Kn   | PDF   | evidence   | KM    | 0.23      | Ingested   | 3        | km4
6a93325bbf569c0b172bf4f2e797564759a89f | KM4.1L117 KM-QP-03_การประเมินความ   | PDF   | evidence   | KM    | 0.23      | Ingested   | 13       | km4
52a52dd8703d08813d37170b5fd64a77675502 | KM4.1L118 KM-SD-01 แผนการสื่อสารด   | PDF   | evidence   | KM    | 0.22      | Ingested   | 3        | km4
f13d4eee08cb5d8d55506546533d6ce7b832ab | KM4.1L119 KM-FP-03-04 Action Plan   | PDF   | evidence   | KM    | 0.18      | Ingested   | 2        | km4
2f8a844c894b48820e881b3d3bb8f360797600 | KM4.1L120 KM-FP-02-01 แบบฟอร์มการ   | PDF   | evidence   | KM    | 0.15      | Ingested   | 1        | km4
275c9439bef22f5d79dae0022410734d96420b | KM4.1L121 KM-FW-01-02 แบบฟอร์ม KM   | PDF   | evidence   | KM    | 0.10      | Ingested   | 1        | km4
c9a33836dffd5ec2f5d5e3d65c63ee601bcf80 | KM4.1L122 KM-FW-01-03 แบบฟอร์ม KM   | PDF   | evidence   | KM    | 0.10      | Ingested   | 2        | km4
3ec1f4d789c81e8245de710e7da2430d6dec7c | KM4.1L123 KM-FW-01-08_แบบฟอร์มการ   | PDF   | evidence   | KM    | 0.06      | Ingested   | 4        | km4
d1eeb2c0375c8ea6ad5cea70b72dde6226f048 | KM4.1L201 KM-SD-01 แผนการสื่อสารด   | PDF   | evidence   | KM    | 0.22      | Ingested   | 3        | km4
f5df40fd0f411bbde019f290be9b23d82642c4 | KM4.1L301 ตัวชี้วัด 7.1 ปี 2567 (   | PDF   | evidence   | KM    | 0.14      | Ingested   | 17       | km41l301-7
7cf27074ed272f2d0b18aa4f54e675ab9bc9be | KM4.1L302 KM-FW-01-02 แบบฟอร์ม KM   | PDF   | evidence   | KM    | 0.12      | Ingested   | 4        | km4
8579770266b49893d61d392f8c74054d0996c0 | KM4.1L303 KM-SD-04 แผนการตรวจติดต   | PDF   | evidence   | KM    | 0.10      | Ingested   | 4        | km4
8157941fc169a4ed0206517ab4b8cb67897c51 | KM4.1L304 KM-FP-03-01 การวิเคราะห   | PDF   | evidence   | KM    | 0.45      | Ingested   | 15       | km4
2b6915b3bb53ad9e0eba435928162b880411f2 | KM4.1L305 KM-FP-03-03 การวิเคราะห   | PDF   | evidence   | KM    | 0.45      | Ingested   | 6        | km4
b15487c96cbf939a0797388d301f152dd34398 | KM4.1L306 KM-QP-04 ประชุมทบทวนฝ่า   | PDF   | evidence   | KM    | 0.44      | Ingested   | 7        | km4
3142450a75eaefdf5a40e88c53ca077d5e3fb2 | KM4.1L307 KM-FP-03-02 การวิเคราะห   | PDF   | evidence   | KM    | 0.38      | Ingested   | 5        | km4
ce10899c7592b2b1b44923b86dac3bdece12bd | KM4.1L308 KM-FW-01-01 รายการเอกสา   | PDF   | evidence   | KM    | 0.36      | Ingested   | 5        | km4
c7a7759b73ba59cac5bb3a10eac1ab22f94377 | KM4.1L309 KM-SD-03 รายงานการประชุ   | PDF   | evidence   | KM    | 0.36      | Ingested   | 14       | km4
0d9058fe6a42ae96b80c54928f8415430cc031 | KM4.1L310 KM-QP-02 การปฏิบัติการแ   | PDF   | evidence   | KM    | 0.33      | Ingested   | 8        | km4
e5bbe6a26ac07b832980d8e02718212a037a14 | KM4.1L311 KM-QP-01 การตรวจติดตามภ   | PDF   | evidence   | KM    | 0.29      | Ingested   | 13       | km4
5a8aab7484f26013fc828ab4b74a86c8f2b457 | KM4.1L312 KM-QP-05 การควบคุมเอกสา   | PDF   | evidence   | KM    | 0.27      | Ingested   | 19       | km4
f40527629a76f9260d425277cd8c9d5b02dd87 | KM4.1L313 KM-SD-02 แผน KM Impleme   | PDF   | evidence   | KM    | 0.26      | Ingested   | 5        | km4
6d9b4019579350a09a938d18edd94268b87730 | KM4.1L314 KM-QP-03_การประเมินความ   | PDF   | evidence   | KM    | 0.23      | Ingested   | 13       | km4
bcccdb161148232aacf487e741b73f4e2fe16d | KM4.1L401 KM-SD-05 ระบบสารสนเทศ.p   | PDF   | evidence   | KM    | 4.31      | Ingested   | 3        | km41l401-km-sd-05
31c99bd39c0fb7357e1d63d8f6566c748aa80b | KM4.1L402 Artificial Intelligence   | PDF   | evidence   | KM    | 3.90      | Ingested   | 11       | km41l402-artificial-
5e35c8cfb140d6acb90f22b3facb9b73271c64 | KM4.1L403 KM-อนุมัติหลักสูตรKMCap   | PDF   | evidence   | KM    | 3.60      | Ingested   | 50       | km4
e85738eb0731b9b8e6d468fad1de5db5ee0e2e | KM4.1L404 KM-4_1_อนุมัติหลักสูตรอ   | PDF   | evidence   | KM    | 1.44      | Ingested   | 26       | km4
52ca81c36bb8e03ebe47808ecc14450f3554a1 | KM4.1L405 KM-4_1_5_A1_1_แผนการพัฒ   | PDF   | evidence   | KM    | 0.70      | Ingested   | 3        | km4
5d01ea2c1e63f1976ee179719588988418de32 | KM4.1L406 KM_4_1_4_KM-Si            | PDF   | evidence   | KM    | 0.12      | Ingested   | 4        | km4
816e8c9fb2e394037f0d19d491019cea772b17 | KM4.1L407 KM-4_1_รายงานจัดฝึกอบรม   | PDF   | evidence   | KM    | 0.06      | Ingested   | 2        | km4
b8c74f3a80ec6702c38b89a9de0477b38ec53a | KM4.1L501 KM-ผลประเมินสารสนเทศKMS   | PDF   | evidence   | KM    | 0.09      | Ingested   | 2        | km4
0b36e3b26b66bcf5b0d80ce183c0befb6b40e6 | KM4.2L101 KM-FP-03-01 การวิเคราะห   | PDF   | evidence   | KM    | 0.45      | Ingested   | 15       | km4
a91994c2997fa8f652d50bbe0e2e23643d1ef5 | KM4.2L102 KM-FP-03-03 การวิเคราะห   | PDF   | evidence   | KM    | 0.45      | Ingested   | 6        | km4
14a163c8e280a34dd84a49433ba7cc92962e3c | KM4.2L103 KM-FP-03-02 การวิเคราะห   | PDF   | evidence   | KM    | 0.37      | Ingested   | 6        | km4
f6a8395e56be4267000d596f9b77003e61222e | KM4.2L104 KM-ตัวชี้วัดด้านที่7_1ด   | PDF   | evidence   | KM    | 0.14      | Ingested   | 17       | km4
c387815129e95684dbe2a323bf2d64fe9ae655 | KM4.2L201 KM_4_2_2_channel          | PDF   | evidence   | KM    | 6.02      | Ingested   | 4        | km4
974f072e8b69e1542479a8b7365cbbac0792c0 | KM4.2L301 Knowledge Management (1   | PDF   | evidence   | KM    | 6.02      | Ingested   | 4        | km4
a0235eec03f0980ebcc6c8ae0ffbf943ed3141 | KM4.2L401 KM_4_2_BMTA               | PDF   | evidence   | KM    | 0.10      | Ingested   | 14       | km4
8e42760015991d93609b47e60e96a403513761 | KM4.2L402 ดูงาน_NT                  | PDF   | evidence   | KM    | 0.10      | Ingested   | 22       | km4
0e0d29a66e2f6f926b5d80b3299c7b1b9c7f1d | KM4.2L403 ดูงาน_ธกส                 | PDF   | evidence   | KM    | 0.10      | Ingested   | 22       | km4
97b932435a8a3aefa1643bf6adaebe8bef1866 | KM4.2L404 KM_4_2_PPT.docx           | DOCX  | evidence   | KM    | 0.08      | Ingested   | 2        | km42l404-km_4_2_ppt
ab4de0f0b6cdcfac6fd5ef98c7d8f9ba4f179e | KM4.2L405 KM_4_2_Egat               | PDF   | evidence   | KM    | 0.02      | Ingested   | 10       | km4
e0f15bd8c12393d58c38a49d568042e5488f7e | KM4.2L406 KM_4_2_Good_Practice      | PDF   | evidence   | KM    | 1.71      | Ingested   | 4        | km4
3b27685176e0fa864dd41c69506300ec24d443 | KM4.2L407 แนบ1_หนังสือสคร._กฟภ      | PDF   | evidence   | KM    | 0.83      | Ingested   | 1        | km42l407-1_
05ac8ed11442fb6d5e0b8295be432c4876ff85 | KM4.2L501 KM-FM-02-แบบฟอร์มการวิเ   | PDF   | evidence   | KM    | 0.09      | Ingested   | 3        | km4
7d1877415a7e878134104ab7741605a2d2caa9 | KM5.1L101 5.1 ระดับ 1 (2)_ระดับ 2   | PDF   | evidence   | KM    | 0.73      | Ingested   | 30       | km51l101-5
8e0d9cc999b50ae5ca320f29518b160a393c21 | KM5.1L102 5.1 ระดับ 1 (3)_ระดับ 2   | PDF   | evidence   | KM    | 0.29      | Ingested   | 22       | km51l102-5
6bb00f9884d0a3931118e190d8c3de7d613a0d | KM5.1L103 5.1 ระดับ 1 (1) _ระดับ    | PDF   | evidence   | KM    | 0.26      | Ingested   | 8        | km51l103-5
1732cd1e7e2833ef3cf099fb2de4da2156cf63 | KM5.1L104 5.1 ระดับ 1 (4)_ระดับ 2   | PDF   | evidence   | KM    | 0.20      | Ingested   | 65       | km51l104-51-1-4_-24
9ea493795f4edf9264d07859b06313907dbb77 | KM5.1L105 5.1 ระดับ 1 (6) อนุมัติ   | PDF   | evidence   | KM    | 0.16      | Ingested   | 41       | km51l105-5
5f6429e9b8e51b7357e28a8a517ebedfe54147 | KM5.1L201 5.1 ระดับ 1 (2)_ระดับ 2   | PDF   | evidence   | KM    | 0.73      | Ingested   | 30       | km51l201-5
ca0d356bd973f8fefd8a240bb87f0e0c255984 | KM5.1L202 5.1 ระดับ 2 (6) _ระดับ    | PDF   | evidence   | KM    | 0.30      | Ingested   | 31       | km51l202-5
15e6192c7d5f98bca719cecaa952ecc8d89c93 | KM5.1L203 5.1 ระดับ 2 (5)_ระดับ 3   | PDF   | evidence   | KM    | 0.29      | Ingested   | 4        | km51l203-5
40bfe1d3c731ec2341f1598eaa8d1a6ea7814c | KM5.1L204 5.1 ระดับ 1 (3)_ระดับ 2   | PDF   | evidence   | KM    | 0.29      | Ingested   | 22       | km51l204-5
ee3791d66375f6204d6f8f54a04951a9999d79 | KM5.1L205 5.1 ระดับ 1 (1) _ระดับ    | PDF   | evidence   | KM    | 0.26      | Ingested   | 8        | km51l205-5
4ddad987fa030a97d0c120d7a8229c231f7da4 | KM5.1L206 5.1 ระดับ 1 (4)_ระดับ 2   | PDF   | evidence   | KM    | 0.20      | Ingested   | 65       | km51l206-51-1-4_-24
09281dbac18b4d9784b3e99c2d1345a37cd629 | KM5.1L301 5.1 ระดับ 2 (6) _ระดับ    | PDF   | evidence   | KM    | 0.30      | Ingested   | 31       | km51l301-51-2-6-_-3-
9f4a8a97ffb7420b15bb1fd60364d934906e93 | KM5.1L302 5.1 ระดับ 2 (6) _ระดับ    | PDF   | evidence   | KM    | 0.30      | Ingested   | 31       | km51l302-5
ad96fb5d89e982e6712c33570c59ef03bf63a9 | KM5.1L303 5.1 ระดับ 2 (5)_ระดับ 3   | PDF   | evidence   | KM    | 0.29      | Ingested   | 4        | km51l303-5
e9c5b28fa9a3362081dfb16a0beadd2fd455f3 | KM5.1L304 5.1 ระดับ 3 (1) อนุมัติ   | PDF   | evidence   | KM    | 0.22      | Ingested   | 3        | km51l304-5
17813d98862a4bb27ad25bc8f279583a676dcd | KM5.1L305 5.1 ระดับ 3 (2) เชิญรับ   | PDF   | evidence   | KM    | 0.04      | Ingested   | 8        | km51l305-51-3-2
a0404ae6aace3753023e415dac8a9bbb7df71a | KM5.1L306 5.1 ระดับ 3 (2) เชิญรับ   | PDF   | evidence   | KM    | 0.04      | Ingested   | 8        | km51l306-5
baddb09715dc183e3e6e75f84a7ce6a0e85f06 | KM5.1L401 KM_5_1_4_อนุมัติอบรมเชิ   | PDF   | evidence   | KM    | 0.72      | Ingested   | 36       | km5
4feb7bfd0df73c52177cd1cc395055d6a5d9ee | KM5.1L402 5.1 ระดับ 1 (4)_ระดับ 2   | PDF   | evidence   | KM    | 0.20      | Ingested   | 65       | km51l402-51-1-4_-24
f8c05611c57b2fcbd4d034adcb000be7de1533 | KM5.1L403 KM_5_1_4_การจัดหมวดหมู่   | PDF   | evidence   | KM    | 0.18      | Ingested   | 1        | km5
09a2eed69f7c350797f106c80df3971bebcb45 | KM5.1L404 KM_5_1_4_กระบวนการทำสำค   | DOCX  | evidence   | KM    | 0.13      | Ingested   | 4        | km51l404-km_5_1_4_en
3cf54d7a5c846a577ad25198bc97f83d7207c5 | KM5.1L501 5.1 ระดับ 2 (6) _ระดับ    | PDF   | evidence   | KM    | 0.30      | Ingested   | 31       | km51l501-5
a227713f2072cb74609693c42e0ef5de8adcaf | KM5.1L502 5.1 ระดับ 3 (5) _ระดับ    | PDF   | evidence   | KM    | 0.32      | Ingested   | 7        | km51l502-5
cc81b0eb03c9745117badef32386dc8129122a | KM5.2L101 KM-ตัวชี้วัดด้านที่7_1ด   | PDF   | evidence   | KM    | 0.14      | Ingested   | 17       | km5
a9f1cc988cf705bc90b2e8e29eae90acc7e6ee | KM5.2L201 KM_4_2_2_ระเบียบวิธีปฏิ   | PDF   | evidence   | KM    | 6.03      | Ingested   | 134      | km5
19cb9e27688f933198eb9661a6a73eb6447ca9 | KM5.2L202 KM_4_2_2_คู่มือการจัดกา   | PDF   | evidence   | KM    | 5.91      | Ingested   | 166      | km5
dfc1fe304b0488c0a1826c5715a097b8654745 | KM5.2L203 KM_4_2_2_ระเบียบวิธีปฏิ   | PDF   | evidence   | KM    | 4.14      | Ingested   | 123      | km5
f0d97f716016f2f816524d78a26755131242ed | KM5.2L204 KM_4_2_2_ระเบียบวิธีปฏิ   | PDF   | evidence   | KM    | 3.27      | Ingested   | 99       | km5
a0f3f689e897b2345108440ae376ef87e508bb | KM5.2L205 KM_4_2_2_สื่อสารคู่มือก   | PDF   | evidence   | KM    | 1.55      | Ingested   | 45       | km5
29a7ee431da4856543447782acdadcdb859aa1 | KM5.2L206 KM_4_2_2_คู่มือระเบียบว   | PDF   | evidence   | KM    | 0.10      | Ingested   | 1        | km5
f9d9243035ce5d835d627c46bf54f26d4bfe59 | KM5.2L207 KM_4_2_2_หนังสืออนุมัติ   | PDF   | evidence   | KM    | 0.05      | Ingested   | 21       | km5
43a7c150c24cc7767f70f7a282e8109ee2132b | KM5.2L208 ตัวชี้วัด 7.1 ปี 2567 (   | PDF   | evidence   | KM    | 0.14      | Ingested   | 17       | km52l208-7
eb86fd5b6fbbdf6ca9159bd5795c4a394a8e2b | KM5.2L301 1.รายงานการจัดอบรม        | PDF   | evidence   | KM    | 0.07      | Ingested   | 5        | km52l301-1
248cdf525b6cb9da86fed4a6cf39ebdb0da1cf | KM5.2L302 1.รายงานการจัดอบรมISO     | PDF   | evidence   | KM    | 0.07      | Ingested   | 5        | km52l302-1
9d64efccd90261a69fb2c5f609ba2b86c0506e | KM5.2L303 อนุมัติอบรม_ISO30401_67   | PDF   | evidence   | KM    | 5.26      | Ingested   | 50       | km5
a315524fa55e8111c200d0b86f6440c989d8ca | KM5.2L401 อนุมัติ KM for New busi   | PDF   | evidence   | KM    | 2.88      | Ingested   | 94       | km5
2967693c109fe925792e480f6d57cb1529e34d | KM5.2L402 อนุมัติ sales skills (1   | PDF   | evidence   | KM    | 9.28      | Ingested   | 53       | km5
d69c3307d1c307ad75489287ab9033a8f96271 | KM5.2L403 เอกสารแนบรายได้ ธก. เกี   | PDF   | evidence   | KM    | 0.54      | Ingested   | 15       | km52l403
6387cdb1251649b544a026fdd4b80421887337 | KM5.2L404 คู่มือการขาย_RF7          | PDF   | evidence   | KM    | 22.04     | Ingested   | 389      | km5
91c16661c7f099d94f7b746a0ff069a2d51853 | KM5.2L501 KM_5_2_5_workmanual_sel   | PDF   | evidence   | KM    | 0.51      | Ingested   | 59       | km5
0ee4b3c3209d2001b10a1174c929c93f925590 | KM5.2L502 KM_5_2_5_ผลประเมินความเ   | JPG   | evidence   | KM    | 0.13      | Ingested   | 10       | km5
68f43bc0ee5b3ade5c712727ab9bfea584129e | KM6.1L101 KM_6_1_รายงานผลการดำเนิ   | PDF   | evidence   | KM    | 0.32      | Ingested   | 11       | km6
7dd696ae52421a6eac082ea339dfcda9256dfd | KM6.1L102 KM_6_1_รายงานผลประเมินด   | PDF   | evidence   | KM    | 0.14      | Ingested   | 8        | km6
28bb2f42e8e239b39abbda6b5077a911e01896 | KM6.1L201 1.รายงานการจัดอบรม        | PDF   | evidence   | KM    | 0.07      | Ingested   | 5        | km61l201-1
950d79eced3a6647b089c08f580805790022e3 | KM6.1L301 KM_6_3_PEA_Assessment R   | PDF   | evidence   | KM    | 0.28      | Ingested   | 47       | km6
33dbb4cee80ee9575eab9fe55627ffeef3909a | KM6.1L302 KM_4_1_4_KM-Si            | PDF   | evidence   | KM    | 0.12      | Ingested   | 4        | km6
942fc2630d9734afdd0507d3a1c86cee059e5f | KM6.1L401 อนุมัติ การจัดการความรู   | PDF   | evidence   | KM    | 1.50      | Ingested   | 58       | km6
e8eb51f08e46e355568c007d4ab5d125512b31 | KM6.1L402 ส่งกพค-ThaiSkill 1_Know   | PDF   | evidence   | KM    | 0.13      | Ingested   | 3        | km61l402-thaiskill-1
c6c4d1195d078b573d0150ccbea9ed158c4d95 | KM6.1L403 บันทึก ตัวชี้วัด          | PDF   | evidence   | KM    | 0.67      | Ingested   | 4        | km6
c0b490e33b14206d6a8de9e09ded8d9120efd1 | KM6.1L404 ตัวชี้วัดที่สำคัญประจำป   | PDF   | evidence   | KM    | 0.33      | Ingested   | 8        | km6
97ffd2ee665493634ff70a9dce6efef9afafe0 | KM6.1L405 รวม กวช. Critical Knowl   | PDF   | evidence   | KM    | 0.53      | Ingested   | 15       | km61l405
20064f8f5e8ccf242565f9812128613449efce | KM6.1L406 กธน. Action Review        | PDF   | evidence   | KM    | 0.49      | Ingested   | 4        | km61l406
63d2a26f8cf5a77abc849eece5180aa67713ce | KM6.1L407 กธน Knowledge Landscape   | PDF   | evidence   | KM    | 0.08      | Ingested   | 2        | km6
6443dd660c241621b1afd9f439b9472317778e | KM6.1L408 กธน Action Plan           | PDF   | evidence   | KM    | 0.04      | Ingested   | 1        | km6
2efaca0b4f820bbdde91cca5f824a86ec2b34e | KM6.1L501 KM_6_5_T3CC               | PDF   | evidence   | KM    | 0.26      | Ingested   | 9        | km6
93eca9f521ebeba7abbe3998f7b81667e0573d | KM6.1L502 KM_6_5_ตัวชี้วัดที่สำคั   | PDF   | evidence   | KM    | 0.33      | Ingested   | 8        | km6
843b3e3e016e61f6e04eac97ee700b6af6331d | KM6.1L503 KM_6_5_Thaiskill          | PDF   | evidence   | KM    | 0.89      | Ingested   | 12       | km6
b5cdf51c42a310b24db0c9465408feb0c9a93d | KM6.1L504 KM_6_5_ESS                | PDF   | evidence   | KM    | 2.82      | Ingested   | 40       | km6
a3759c192ffafb702b8377c78d00f037a70dda | KM6.1L505 KM_6_5_GreenTech          | PDF   | evidence   | KM    | 0.40      | Ingested   | 7        | km6
b8fea98ae6ee31499a8cb0404da6147c21bc46 | KM4.2L201 การประกาศจัดซื้อจัดจ้างใ   | JPG   | evidence   | KM    | 0.19      | Ingested   | 24       | km_4_2_2_-website-_
3194b2caab7c4ee675ba22048bac1b174e99a2 | KM4.2L202 หลักฐานประกาศจัดซื้อจัดจ   | JPG   | evidence   | KM    | 0.23      | Ingested   | 5        | km_4_2_2_-egp
-----------------------------------------------------------------------------------------------------------------------------------------------------------

